<?xml version="1.0" encoding="UTF-8"?>
<testng-results ignored="0" total="1" passed="1" failed="0" skipped="0">
  <reporter-output>
    <line>
      <![CDATA[Login Success::Dashboard « Stock Accounting   Dashboard « Stock Accounting]]>
    </line>
  </reporter-output>
  <suite started-at="2023-04-24T18:32:41 IST" name="Default suite" finished-at="2023-04-24T18:32:52 IST" duration-ms="10726">
    <groups>
    </groups>
    <test started-at="2023-04-24T18:32:41 IST" name="Default test" finished-at="2023-04-24T18:32:52 IST" duration-ms="10726">
      <class name="april24.Property_file">
        <test-method is-config="true" signature="setUp()[pri:0, instance:april24.Property_file@702657cc]" started-at="2023-04-24T18:32:41 IST" name="setUp" finished-at="2023-04-24T18:32:50 IST" duration-ms="8893" status="PASS">
          <reporter-output>
          </reporter-output>
        </test-method> <!-- setUp -->
        <test-method signature="verifyLogin()[pri:0, instance:april24.Property_file@702657cc]" started-at="2023-04-24T18:32:50 IST" name="verifyLogin" finished-at="2023-04-24T18:32:51 IST" duration-ms="1106" status="PASS">
          <reporter-output>
            <line>
              <![CDATA[Login Success::Dashboard « Stock Accounting   Dashboard « Stock Accounting]]>
            </line>
          </reporter-output>
        </test-method> <!-- verifyLogin -->
        <test-method is-config="true" signature="tearDown()[pri:0, instance:april24.Property_file@702657cc]" started-at="2023-04-24T18:32:51 IST" name="tearDown" finished-at="2023-04-24T18:32:52 IST" duration-ms="675" status="PASS">
          <reporter-output>
          </reporter-output>
        </test-method> <!-- tearDown -->
      </class> <!-- april24.Property_file -->
    </test> <!-- Default test -->
  </suite> <!-- Default suite -->
</testng-results>
